[debug] [2020-02-22T20:00:13.936Z] ----------------------------------------------------------------------
[debug] [2020-02-22T20:00:13.937Z] Command:       /usr/local/bin/node /usr/local/bin/firebase serve
[debug] [2020-02-22T20:00:13.938Z] CLI Version:   7.13.1
[debug] [2020-02-22T20:00:13.938Z] Platform:      darwin
[debug] [2020-02-22T20:00:13.938Z] Node Version:  v10.16.3
[debug] [2020-02-22T20:00:13.939Z] Time:          Sat Feb 22 2020 21:00:13 GMT+0100 (Central European Standard Time)
[debug] [2020-02-22T20:00:13.939Z] ----------------------------------------------------------------------
[debug] [2020-02-22T20:00:13.939Z] 
[debug] [2020-02-22T20:00:13.948Z] > command requires scopes: ["email","openid","https://www.googleapis.com/auth/cloudplatformprojects.readonly","https://www.googleapis.com/auth/firebase","https://www.googleapis.com/auth/cloud-platform"]
[debug] [2020-02-22T20:00:13.948Z] > authorizing via signed-in user
[debug] [2020-02-22T20:00:13.948Z] [iam] checking project roadcast-c8837 for permissions ["firebase.projects.get"]
[debug] [2020-02-22T20:00:13.950Z] >>> HTTP REQUEST POST https://cloudresourcemanager.googleapis.com/v1/projects/roadcast-c8837:testIamPermissions  

[debug] [2020-02-22T20:00:14.960Z] <<< HTTP RESPONSE 200
[debug] [2020-02-22T20:00:14.961Z] >>> HTTP REQUEST GET https://firebase.googleapis.com/v1beta1/projects/roadcast-c8837  
 
[debug] [2020-02-22T20:00:16.479Z] <<< HTTP RESPONSE 200
[info] 
[info] === Serving from '/Users/baspeterdijkema/Developer/webstorm-workspace/RoadCast'...
[info] 
[debug] [2020-02-22T20:00:16.482Z] >>> HTTP REQUEST GET https://firebase.googleapis.com/v1beta1/projects/roadcast-c8837/webApps/-/config  
 
[warn] ⚠  Your requested "node" version "8" doesn't match your global version "10"
[info] ✔  functions: Emulator started at http://localhost:5001
[debug] [2020-02-22T20:00:18.338Z] <<< HTTP RESPONSE 200
[info] i  functions: Watching "/Users/baspeterdijkema/Developer/webstorm-workspace/RoadCast/functions" for Cloud Functions...
[debug] [2020-02-22T20:00:18.377Z] [worker-pool] addWorker(~diagnostic~)
[debug] [2020-02-22T20:00:18.378Z] [worker-pool] Adding worker with key ~diagnostic~, total=1
[debug] [2020-02-22T20:00:18.378Z] [worker-pool] submitWork(triggerId=)
[debug] [2020-02-22T20:00:18.378Z] [worker-~diagnostic~-78399a7d-a4a0-4f08-95b2-11bfef1f5db2]: Assigning socketPath: /var/folders/jk/zp572j7j48jbttbyctvsv7wm0000gn/T/fire_emu_30701.sock
[debug] [2020-02-22T20:00:18.378Z] [worker-~diagnostic~-78399a7d-a4a0-4f08-95b2-11bfef1f5db2]: BUSY
[info] i  hosting: Serving hosting files from: public
[info] ✔  hosting: Local server: http://localhost:5000
[debug] [2020-02-22T20:00:18.719Z] [runtime-status] [30701] Functions runtime initialized. {"cwd":"/Users/baspeterdijkema/Developer/webstorm-workspace/RoadCast/functions","node_version":"10.16.3"}
[debug] [2020-02-22T20:00:18.720Z] [runtime-status] [30701] Disabled runtime features: {"functions_config_helper":true,"network_filtering":true,"timeout":true,"memory_limiting":true,"admin_stubs":true,"pubsub_emulator":true}
[debug] [2020-02-22T20:00:18.723Z] [runtime-status] [30701] Resolved module firebase-admin {"declared":true,"installed":true,"version":"8.9.2","resolution":"/Users/baspeterdijkema/Developer/webstorm-workspace/RoadCast/functions/node_modules/firebase-admin/lib/index.js"}
[debug] [2020-02-22T20:00:18.724Z] [runtime-status] [30701] Resolved module firebase-functions {"declared":true,"installed":true,"version":"3.3.0","resolution":"/Users/baspeterdijkema/Developer/webstorm-workspace/RoadCast/functions/node_modules/firebase-functions/lib/index.js"}
[debug] [2020-02-22T20:00:18.725Z] [runtime-status] [30701] Resolved module firebase-functions {"declared":true,"installed":true,"version":"3.3.0","resolution":"/Users/baspeterdijkema/Developer/webstorm-workspace/RoadCast/functions/node_modules/firebase-functions/lib/index.js"}
[warn] ⚠  Error: Cannot find module '/Users/baspeterdijkema/Developer/webstorm-workspace/RoadCast/functions'
    at Function.Module._resolveFilename (internal/modules/cjs/loader.js:636:15)
    at Function.Module._load (internal/modules/cjs/loader.js:562:25)
    at Module.require (internal/modules/cjs/loader.js:692:17)
    at require (internal/modules/cjs/helpers.js:25:18)
    at /usr/local/lib/node_modules/firebase-tools/lib/emulator/functionsEmulatorRuntime.js:719:33
    at Generator.next (<anonymous>)
    at fulfilled (/usr/local/lib/node_modules/firebase-tools/lib/emulator/functionsEmulatorRuntime.js:5:58)
    at process._tickCallback (internal/process/next_tick.js:68:7)
[warn] ⚠  We were unable to load your functions code. (see above)
   - It appears your code is written in Typescript, which must be compiled before emulation.
   - You may be able to run "npm run build" in your functions directory to resolve this.
[debug] [2020-02-22T20:00:18.788Z] [worker-~diagnostic~-78399a7d-a4a0-4f08-95b2-11bfef1f5db2]: exited
[debug] [2020-02-22T20:00:18.788Z] [worker-~diagnostic~-78399a7d-a4a0-4f08-95b2-11bfef1f5db2]: FINISHED
[debug] [2020-02-22T20:00:40.612Z] File /Users/baspeterdijkema/Developer/webstorm-workspace/RoadCast/functions/src/index.ts changed, reloading triggers
[debug] [2020-02-22T20:00:41.617Z] [worker-pool] Cleaned up workers for ~diagnostic~: 1 --> 0
[debug] [2020-02-22T20:00:41.623Z] [worker-pool] addWorker(~diagnostic~)
[debug] [2020-02-22T20:00:41.623Z] [worker-pool] Adding worker with key ~diagnostic~, total=1
[debug] [2020-02-22T20:00:41.623Z] [worker-pool] submitWork(triggerId=)
[debug] [2020-02-22T20:00:41.624Z] [worker-~diagnostic~-32d6a1e5-d453-4fe0-b66d-fbf25bdb083a]: Assigning socketPath: /var/folders/jk/zp572j7j48jbttbyctvsv7wm0000gn/T/fire_emu_30710.sock
[debug] [2020-02-22T20:00:41.624Z] [worker-~diagnostic~-32d6a1e5-d453-4fe0-b66d-fbf25bdb083a]: BUSY
[debug] [2020-02-22T20:00:42.142Z] [runtime-status] [30710] Functions runtime initialized. {"cwd":"/Users/baspeterdijkema/Developer/webstorm-workspace/RoadCast/functions","node_version":"10.16.3"}
[debug] [2020-02-22T20:00:42.145Z] [runtime-status] [30710] Disabled runtime features: {"functions_config_helper":true,"network_filtering":true,"timeout":true,"memory_limiting":true,"admin_stubs":true,"pubsub_emulator":true}
[debug] [2020-02-22T20:00:42.147Z] [runtime-status] [30710] Resolved module firebase-admin {"declared":true,"installed":true,"version":"8.9.2","resolution":"/Users/baspeterdijkema/Developer/webstorm-workspace/RoadCast/functions/node_modules/firebase-admin/lib/index.js"}
[debug] [2020-02-22T20:00:42.148Z] [runtime-status] [30710] Resolved module firebase-functions {"declared":true,"installed":true,"version":"3.3.0","resolution":"/Users/baspeterdijkema/Developer/webstorm-workspace/RoadCast/functions/node_modules/firebase-functions/lib/index.js"}
[debug] [2020-02-22T20:00:42.148Z] [runtime-status] [30710] Resolved module firebase-functions {"declared":true,"installed":true,"version":"3.3.0","resolution":"/Users/baspeterdijkema/Developer/webstorm-workspace/RoadCast/functions/node_modules/firebase-functions/lib/index.js"}
[warn] ⚠  Error: Cannot find module '/Users/baspeterdijkema/Developer/webstorm-workspace/RoadCast/functions'
    at Function.Module._resolveFilename (internal/modules/cjs/loader.js:636:15)
    at Function.Module._load (internal/modules/cjs/loader.js:562:25)
    at Module.require (internal/modules/cjs/loader.js:692:17)
    at require (internal/modules/cjs/helpers.js:25:18)
    at /usr/local/lib/node_modules/firebase-tools/lib/emulator/functionsEmulatorRuntime.js:719:33
    at Generator.next (<anonymous>)
    at fulfilled (/usr/local/lib/node_modules/firebase-tools/lib/emulator/functionsEmulatorRuntime.js:5:58)
    at process._tickCallback (internal/process/next_tick.js:68:7)
[warn] ⚠  We were unable to load your functions code. (see above)
   - It appears your code is written in Typescript, which must be compiled before emulation.
   - You may be able to run "npm run build" in your functions directory to resolve this.
[debug] [2020-02-22T20:00:42.212Z] [worker-~diagnostic~-32d6a1e5-d453-4fe0-b66d-fbf25bdb083a]: exited
[debug] [2020-02-22T20:00:42.212Z] [worker-~diagnostic~-32d6a1e5-d453-4fe0-b66d-fbf25bdb083a]: FINISHED
[debug] [2020-02-22T20:01:21.955Z] ----------------------------------------------------------------------
[debug] [2020-02-22T20:01:21.957Z] Command:       /usr/local/bin/node /usr/local/bin/firebase serve
[debug] [2020-02-22T20:01:21.957Z] CLI Version:   7.13.1
[debug] [2020-02-22T20:01:21.957Z] Platform:      darwin
[debug] [2020-02-22T20:01:21.957Z] Node Version:  v10.16.3
[debug] [2020-02-22T20:01:21.958Z] Time:          Sat Feb 22 2020 21:01:21 GMT+0100 (Central European Standard Time)
[debug] [2020-02-22T20:01:21.958Z] ----------------------------------------------------------------------
[debug] [2020-02-22T20:01:21.958Z] 
[debug] [2020-02-22T20:01:21.968Z] > command requires scopes: ["email","openid","https://www.googleapis.com/auth/cloudplatformprojects.readonly","https://www.googleapis.com/auth/firebase","https://www.googleapis.com/auth/cloud-platform"]
[debug] [2020-02-22T20:01:21.968Z] > authorizing via signed-in user
[debug] [2020-02-22T20:01:21.968Z] [iam] checking project roadcast-c8837 for permissions ["firebase.projects.get"]
[debug] [2020-02-22T20:01:21.970Z] >>> HTTP REQUEST POST https://cloudresourcemanager.googleapis.com/v1/projects/roadcast-c8837:testIamPermissions  

[debug] [2020-02-22T20:01:22.380Z] <<< HTTP RESPONSE 200
[debug] [2020-02-22T20:01:22.382Z] >>> HTTP REQUEST GET https://firebase.googleapis.com/v1beta1/projects/roadcast-c8837  
 
[debug] [2020-02-22T20:01:22.725Z] <<< HTTP RESPONSE 200
[info] 
[info] === Serving from '/Users/baspeterdijkema/Developer/webstorm-workspace/RoadCast'...
[info] 
[debug] [2020-02-22T20:01:22.731Z] >>> HTTP REQUEST GET https://firebase.googleapis.com/v1beta1/projects/roadcast-c8837/webApps/-/config  
 
[warn] ⚠  Your requested "node" version "8" doesn't match your global version "10"
[info] ✔  functions: Emulator started at http://localhost:5001
[debug] [2020-02-22T20:01:23.435Z] <<< HTTP RESPONSE 200
[info] i  functions: Watching "/Users/baspeterdijkema/Developer/webstorm-workspace/RoadCast/functions" for Cloud Functions...
[debug] [2020-02-22T20:01:23.491Z] [worker-pool] addWorker(~diagnostic~)
[debug] [2020-02-22T20:01:23.491Z] [worker-pool] Adding worker with key ~diagnostic~, total=1
[debug] [2020-02-22T20:01:23.491Z] [worker-pool] submitWork(triggerId=)
[debug] [2020-02-22T20:01:23.492Z] [worker-~diagnostic~-bceaa30b-9981-4995-953e-d3de94032bed]: Assigning socketPath: /var/folders/jk/zp572j7j48jbttbyctvsv7wm0000gn/T/fire_emu_30740.sock
[debug] [2020-02-22T20:01:23.492Z] [worker-~diagnostic~-bceaa30b-9981-4995-953e-d3de94032bed]: BUSY
[info] i  hosting: Serving hosting files from: dist/Roadcast
[info] ✔  hosting: Local server: http://localhost:5000
[debug] [2020-02-22T20:01:23.763Z] [runtime-status] [30740] Functions runtime initialized. {"cwd":"/Users/baspeterdijkema/Developer/webstorm-workspace/RoadCast/functions","node_version":"10.16.3"}
[debug] [2020-02-22T20:01:23.764Z] [runtime-status] [30740] Disabled runtime features: {"functions_config_helper":true,"network_filtering":true,"timeout":true,"memory_limiting":true,"admin_stubs":true,"pubsub_emulator":true}
[debug] [2020-02-22T20:01:23.766Z] [runtime-status] [30740] Resolved module firebase-admin {"declared":true,"installed":true,"version":"8.9.2","resolution":"/Users/baspeterdijkema/Developer/webstorm-workspace/RoadCast/functions/node_modules/firebase-admin/lib/index.js"}
[debug] [2020-02-22T20:01:23.767Z] [runtime-status] [30740] Resolved module firebase-functions {"declared":true,"installed":true,"version":"3.3.0","resolution":"/Users/baspeterdijkema/Developer/webstorm-workspace/RoadCast/functions/node_modules/firebase-functions/lib/index.js"}
[debug] [2020-02-22T20:01:23.768Z] [runtime-status] [30740] Resolved module firebase-functions {"declared":true,"installed":true,"version":"3.3.0","resolution":"/Users/baspeterdijkema/Developer/webstorm-workspace/RoadCast/functions/node_modules/firebase-functions/lib/index.js"}
[warn] ⚠  Error: Cannot find module '/Users/baspeterdijkema/Developer/webstorm-workspace/RoadCast/functions'
    at Function.Module._resolveFilename (internal/modules/cjs/loader.js:636:15)
    at Function.Module._load (internal/modules/cjs/loader.js:562:25)
    at Module.require (internal/modules/cjs/loader.js:692:17)
    at require (internal/modules/cjs/helpers.js:25:18)
    at /usr/local/lib/node_modules/firebase-tools/lib/emulator/functionsEmulatorRuntime.js:719:33
    at Generator.next (<anonymous>)
    at fulfilled (/usr/local/lib/node_modules/firebase-tools/lib/emulator/functionsEmulatorRuntime.js:5:58)
    at process._tickCallback (internal/process/next_tick.js:68:7)
[warn] ⚠  We were unable to load your functions code. (see above)
   - It appears your code is written in Typescript, which must be compiled before emulation.
   - You may be able to run "npm run build" in your functions directory to resolve this.
[debug] [2020-02-22T20:01:23.843Z] [worker-~diagnostic~-bceaa30b-9981-4995-953e-d3de94032bed]: exited
[debug] [2020-02-22T20:01:23.844Z] [worker-~diagnostic~-bceaa30b-9981-4995-953e-d3de94032bed]: FINISHED
